# JRE version: OpenJDK Runtime Environment (11.0.10) (build 11.0.10+0-b96-7249189)
# Java VM: OpenJDK 64-Bit Server VM (11.0.10+0-b96-7249189, mixed mode, tiered, compressed oops, g1 gc, windows-amd64)
Heap:
 garbage-first heap   total 196608K, used 141861K [0x0000000080000000, 0x0000000100000000)
  region size 1024K, 11 young (11264K), 4 survivors (4096K)
 Metaspace       used 134055K, capacity 137838K, committed 137932K, reserved 1169408K
  class space    used 16941K, capacity 18356K, committed 18380K, reserved 1048576K
GC Heap History (20 events):
Event: 534.880 GC heap before
{Heap before GC invocations=34 (full 0):
 garbage-first heap   total 196608K, used 169564K [0x0000000080000000, 0x0000000100000000)
  region size 1024K, 53 young (54272K), 2 survivors (2048K)
 Metaspace       used 120465K, capacity 123783K, committed 124492K, reserved 1157120K
  class space    used 15440K, capacity 16694K, committed 16972K, reserved 1048576K
}
Event: 534.888 GC heap after
{Heap after GC invocations=35 (full 0):
 garbage-first heap   total 196608K, used 119663K [0x0000000080000000, 0x0000000100000000)
  region size 1024K, 4 young (4096K), 4 survivors (4096K)
 Metaspace       used 120465K, capacity 123783K, committed 124492K, reserved 1157120K
  class space    used 15440K, capacity 16694K, committed 16972K, reserved 1048576K
}
Event: 535.211 GC heap before
{Heap before GC invocations=35 (full 0):
 garbage-first heap   total 196608K, used 124783K [0x0000000080000000, 0x0000000100000000)
  region size 1024K, 9 young (9216K), 4 survivors (4096K)
 Metaspace       used 120632K, capacity 123927K, committed 124492K, reserved 1157120K
  class space    used 15466K, capacity 16742K, committed 16972K, reserved 1048576K
}
Event: 535.223 GC heap after
{Heap after GC invocations=36 (full 0):
 garbage-first heap   total 196608K, used 115540K [0x0000000080000000, 0x0000000100000000)
  region size 1024K, 1 young (1024K), 1 survivors (1024K)
 Metaspace       used 120632K, capacity 123927K, committed 124492K, reserved 1157120K
  class space    used 15466K, capacity 16742K, committed 16972K, reserved 1048576K
}
Event: 536.871 GC heap before
{Heap before GC invocations=36 (full 0):
 garbage-first heap   total 196608K, used 164692K [0x0000000080000000, 0x0000000100000000)
  region size 1024K, 50 young (51200K), 1 survivors (1024K)
 Metaspace       used 122374K, capacity 125758K, committed 126284K, reserved 1159168K
  class space    used 15675K, capacity 16969K, committed 17228K, reserved 1048576K
}
Event: 536.887 GC heap after
{Heap after GC invocations=37 (full 0):
 garbage-first heap   total 196608K, used 118539K [0x0000000080000000, 0x0000000100000000)
  region size 1024K, 4 young (4096K), 4 survivors (4096K)
 Metaspace       used 122374K, capacity 125758K, committed 126284K, reserved 1159168K
  class space    used 15675K, capacity 16969K, committed 17228K, reserved 1048576K
}
Event: 540.945 GC heap before
{Heap before GC invocations=38 (full 0):
 garbage-first heap   total 196608K, used 165643K [0x0000000080000000, 0x0000000100000000)
  region size 1024K, 50 young (51200K), 4 survivors (4096K)
 Metaspace       used 125149K, capacity 128654K, committed 128844K, reserved 1161216K
  class space    used 16027K, capacity 17326K, committed 17484K, reserved 1048576K
}
Event: 540.960 GC heap after
{Heap after GC invocations=39 (full 0):
 garbage-first heap   total 196608K, used 122051K [0x0000000080000000, 0x0000000100000000)
  region size 1024K, 7 young (7168K), 7 survivors (7168K)
 Metaspace       used 125149K, capacity 128654K, committed 128844K, reserved 1161216K
  class space    used 16027K, capacity 17326K, committed 17484K, reserved 1048576K
}
Event: 541.408 GC heap before
{Heap before GC invocations=39 (full 0):
 garbage-first heap   total 196608K, used 124099K [0x0000000080000000, 0x0000000100000000)
  region size 1024K, 9 young (9216K), 7 survivors (7168K)
 Metaspace       used 125297K, capacity 128814K, committed 129100K, reserved 1161216K
  class space    used 16052K, capacity 17358K, committed 17484K, reserved 1048576K
}
Event: 541.432 GC heap after
{Heap after GC invocations=40 (full 0):
 garbage-first heap   total 196608K, used 121295K [0x0000000080000000, 0x0000000100000000)
  region size 1024K, 1 young (1024K), 1 survivors (1024K)
 Metaspace       used 125297K, capacity 128814K, committed 129100K, reserved 1161216K
  class space    used 16052K, capacity 17358K, committed 17484K, reserved 1048576K
}
Event: 544.603 GC heap before
{Heap before GC invocations=40 (full 0):
 garbage-first heap   total 196608K, used 134607K [0x0000000080000000, 0x0000000100000000)
  region size 1024K, 16 young (16384K), 1 survivors (1024K)
 Metaspace       used 126270K, capacity 129824K, committed 129996K, reserved 1161216K
  class space    used 16159K, capacity 17503K, committed 17612K, reserved 1048576K
}
Event: 544.611 GC heap after
{Heap after GC invocations=41 (full 0):
 garbage-first heap   total 196608K, used 121964K [0x0000000080000000, 0x0000000100000000)
  region size 1024K, 2 young (2048K), 2 survivors (2048K)
 Metaspace       used 126270K, capacity 129824K, committed 129996K, reserved 1161216K
  class space    used 16159K, capacity 17503K, committed 17612K, reserved 1048576K
}
Event: 550.658 GC heap before
{Heap before GC invocations=42 (full 0):
 garbage-first heap   total 196608K, used 165996K [0x0000000080000000, 0x0000000100000000)
  region size 1024K, 45 young (46080K), 2 survivors (2048K)
 Metaspace       used 129583K, capacity 133218K, committed 133580K, reserved 1165312K
  class space    used 16416K, capacity 17747K, committed 17868K, reserved 1048576K
}
Event: 550.670 GC heap after
{Heap after GC invocations=43 (full 0):
 garbage-first heap   total 196608K, used 124039K [0x0000000080000000, 0x0000000100000000)
  region size 1024K, 4 young (4096K), 4 survivors (4096K)
 Metaspace       used 129583K, capacity 133218K, committed 133580K, reserved 1165312K
  class space    used 16416K, capacity 17747K, committed 17868K, reserved 1048576K
}
Event: 554.842 GC heap before
{Heap before GC invocations=43 (full 0):
 garbage-first heap   total 196608K, used 167047K [0x0000000080000000, 0x0000000100000000)
  region size 1024K, 46 young (47104K), 4 survivors (4096K)
 Metaspace       used 130948K, capacity 134661K, committed 134860K, reserved 1165312K
  class space    used 16590K, capacity 18013K, committed 18124K, reserved 1048576K
}
Event: 554.853 GC heap after
{Heap after GC invocations=44 (full 0):
 garbage-first heap   total 196608K, used 126448K [0x0000000080000000, 0x0000000100000000)
  region size 1024K, 5 young (5120K), 5 survivors (5120K)
 Metaspace       used 130948K, capacity 134661K, committed 134860K, reserved 1165312K
  class space    used 16590K, capacity 18013K, committed 18124K, reserved 1048576K
}
Event: 665.293 GC heap before
{Heap before GC invocations=45 (full 0):
 garbage-first heap   total 196608K, used 167408K [0x0000000080000000, 0x0000000100000000)
  region size 1024K, 45 young (46080K), 5 survivors (5120K)
 Metaspace       used 133328K, capacity 137126K, committed 137420K, reserved 1169408K
  class space    used 16897K, capacity 18328K, committed 18380K, reserved 1048576K
}
Event: 665.310 GC heap after
{Heap after GC invocations=46 (full 0):
 garbage-first heap   total 196608K, used 130176K [0x0000000080000000, 0x0000000100000000)
  region size 1024K, 6 young (6144K), 6 survivors (6144K)
 Metaspace       used 133328K, capacity 137126K, committed 137420K, reserved 1169408K
  class space    used 16897K, capacity 18328K, committed 18380K, reserved 1048576K
}
Event: 666.760 GC heap before
{Heap before GC invocations=46 (full 0):
 garbage-first heap   total 196608K, used 155776K [0x0000000080000000, 0x0000000100000000)
  region size 1024K, 33 young (33792K), 6 survivors (6144K)
 Metaspace       used 133878K, capacity 137710K, committed 137932K, reserved 1169408K
  class space    used 16932K, capacity 18356K, committed 18380K, reserved 1048576K
}
Event: 666.778 GC heap after
{Heap after GC invocations=47 (full 0):
 garbage-first heap   total 196608K, used 133669K [0x0000000080000000, 0x0000000100000000)
  region size 1024K, 4 young (4096K), 4 survivors (4096K)
 Metaspace       used 133878K, capacity 137710K, committed 137932K, reserved 1169408K
  class space    used 16932K, capacity 18356K, committed 18380K, reserved 1048576K
}

