# JRE version: OpenJDK Runtime Environment (11.0.10) (build 11.0.10+0-b96-7249189)
# Java VM: OpenJDK 64-Bit Server VM (11.0.10+0-b96-7249189, mixed mode, tiered, compressed oops, g1 gc, windows-amd64)
Heap:
 garbage-first heap   total 196608K, used 164352K [0x0000000080000000, 0x0000000100000000)
  region size 1024K, 15 young (15360K), 1 survivors (1024K)
 Metaspace       used 135647K, capacity 139709K, committed 139896K, reserved 1171456K
  class space    used 17155K, capacity 18628K, committed 18636K, reserved 1048576K
GC Heap History (20 events):
Event: 511.014 GC heap before
{Heap before GC invocations=40 (full 0):
 garbage-first heap   total 196608K, used 165105K [0x0000000080000000, 0x0000000100000000)
  region size 1024K, 23 young (23552K), 2 survivors (2048K)
 Metaspace       used 122995K, capacity 126257K, committed 126328K, reserved 1159168K
  class space    used 15363K, capacity 16580K, committed 16588K, reserved 1048576K
}
Event: 511.022 GC heap after
{Heap after GC invocations=41 (full 0):
 garbage-first heap   total 196608K, used 144076K [0x0000000080000000, 0x0000000100000000)
  region size 1024K, 2 young (2048K), 2 survivors (2048K)
 Metaspace       used 122995K, capacity 126257K, committed 126328K, reserved 1159168K
  class space    used 15363K, capacity 16580K, committed 16588K, reserved 1048576K
}
Event: 511.597 GC heap before
{Heap before GC invocations=41 (full 0):
 garbage-first heap   total 196608K, used 167628K [0x0000000080000000, 0x0000000100000000)
  region size 1024K, 25 young (25600K), 2 survivors (2048K)
 Metaspace       used 123192K, capacity 126443K, committed 126584K, reserved 1159168K
  class space    used 15360K, capacity 16572K, committed 16588K, reserved 1048576K
}
Event: 511.605 GC heap after
{Heap after GC invocations=42 (full 0):
 garbage-first heap   total 196608K, used 144297K [0x0000000080000000, 0x0000000100000000)
  region size 1024K, 2 young (2048K), 2 survivors (2048K)
 Metaspace       used 123192K, capacity 126443K, committed 126584K, reserved 1159168K
  class space    used 15360K, capacity 16572K, committed 16588K, reserved 1048576K
}
Event: 512.037 GC heap before
{Heap before GC invocations=43 (full 0):
 garbage-first heap   total 196608K, used 168873K [0x0000000080000000, 0x0000000100000000)
  region size 1024K, 26 young (26624K), 2 survivors (2048K)
 Metaspace       used 123576K, capacity 126859K, committed 127224K, reserved 1159168K
  class space    used 15377K, capacity 16604K, committed 16716K, reserved 1048576K
}
Event: 512.045 GC heap after
{Heap after GC invocations=44 (full 0):
 garbage-first heap   total 196608K, used 144719K [0x0000000080000000, 0x0000000100000000)
  region size 1024K, 3 young (3072K), 3 survivors (3072K)
 Metaspace       used 123576K, capacity 126859K, committed 127224K, reserved 1159168K
  class space    used 15377K, capacity 16604K, committed 16716K, reserved 1048576K
}
Event: 512.286 GC heap before
{Heap before GC invocations=44 (full 0):
 garbage-first heap   total 196608K, used 150863K [0x0000000080000000, 0x0000000100000000)
  region size 1024K, 9 young (9216K), 3 survivors (3072K)
 Metaspace       used 123887K, capacity 127162K, committed 127480K, reserved 1161216K
  class space    used 15403K, capacity 16641K, committed 16716K, reserved 1048576K
}
Event: 512.296 GC heap after
{Heap after GC invocations=45 (full 0):
 garbage-first heap   total 196608K, used 144582K [0x0000000080000000, 0x0000000100000000)
  region size 1024K, 2 young (2048K), 2 survivors (2048K)
 Metaspace       used 123887K, capacity 127162K, committed 127480K, reserved 1161216K
  class space    used 15403K, capacity 16641K, committed 16716K, reserved 1048576K
}
Event: 513.592 GC heap before
{Heap before GC invocations=45 (full 0):
 garbage-first heap   total 196608K, used 170182K [0x0000000080000000, 0x0000000100000000)
  region size 1024K, 25 young (25600K), 2 survivors (2048K)
 Metaspace       used 124426K, capacity 127786K, committed 127992K, reserved 1161216K
  class space    used 15447K, capacity 16653K, committed 16716K, reserved 1048576K
}
Event: 513.601 GC heap after
{Heap after GC invocations=46 (full 0):
 garbage-first heap   total 196608K, used 147946K [0x0000000080000000, 0x0000000100000000)
  region size 1024K, 3 young (3072K), 3 survivors (3072K)
 Metaspace       used 124426K, capacity 127786K, committed 127992K, reserved 1161216K
  class space    used 15447K, capacity 16653K, committed 16716K, reserved 1048576K
}
Event: 514.591 GC heap before
{Heap before GC invocations=47 (full 0):
 garbage-first heap   total 196608K, used 169450K [0x0000000080000000, 0x0000000100000000)
  region size 1024K, 25 young (25600K), 3 survivors (3072K)
 Metaspace       used 126001K, capacity 129443K, committed 129528K, reserved 1161216K
  class space    used 15678K, capacity 16921K, committed 16972K, reserved 1048576K
}
Event: 514.604 GC heap after
{Heap after GC invocations=48 (full 0):
 garbage-first heap   total 196608K, used 150661K [0x0000000080000000, 0x0000000100000000)
  region size 1024K, 4 young (4096K), 4 survivors (4096K)
 Metaspace       used 126001K, capacity 129443K, committed 129528K, reserved 1161216K
  class space    used 15678K, capacity 16921K, committed 16972K, reserved 1048576K
}
Event: 514.672 GC heap before
{Heap before GC invocations=48 (full 0):
 garbage-first heap   total 196608K, used 155781K [0x0000000080000000, 0x0000000100000000)
  region size 1024K, 9 young (9216K), 4 survivors (4096K)
 Metaspace       used 126141K, capacity 129587K, committed 129784K, reserved 1163264K
  class space    used 15687K, capacity 16925K, committed 16972K, reserved 1048576K
}
Event: 514.701 GC heap after
{Heap after GC invocations=49 (full 0):
 garbage-first heap   total 196608K, used 147673K [0x0000000080000000, 0x0000000100000000)
  region size 1024K, 2 young (2048K), 2 survivors (2048K)
 Metaspace       used 126141K, capacity 129587K, committed 129784K, reserved 1163264K
  class space    used 15687K, capacity 16925K, committed 16972K, reserved 1048576K
}
Event: 515.489 GC heap before
{Heap before GC invocations=49 (full 0):
 garbage-first heap   total 196608K, used 166105K [0x0000000080000000, 0x0000000100000000)
  region size 1024K, 21 young (21504K), 2 survivors (2048K)
 Metaspace       used 130161K, capacity 133917K, committed 134136K, reserved 1165312K
  class space    used 16363K, capacity 17701K, committed 17740K, reserved 1048576K
}
Event: 515.498 GC heap after
{Heap after GC invocations=50 (full 0):
 garbage-first heap   total 196608K, used 150156K [0x0000000080000000, 0x0000000100000000)
  region size 1024K, 2 young (2048K), 2 survivors (2048K)
 Metaspace       used 130161K, capacity 133917K, committed 134136K, reserved 1165312K
  class space    used 16363K, capacity 17701K, committed 17740K, reserved 1048576K
}
Event: 516.200 GC heap before
{Heap before GC invocations=50 (full 0):
 garbage-first heap   total 196608K, used 167564K [0x0000000080000000, 0x0000000100000000)
  region size 1024K, 20 young (20480K), 2 survivors (2048K)
 Metaspace       used 132418K, capacity 136280K, committed 136568K, reserved 1167360K
  class space    used 16665K, capacity 18079K, committed 18124K, reserved 1048576K
}
Event: 516.211 GC heap after
{Heap after GC invocations=51 (full 0):
 garbage-first heap   total 196608K, used 151755K [0x0000000080000000, 0x0000000100000000)
  region size 1024K, 2 young (2048K), 2 survivors (2048K)
 Metaspace       used 132418K, capacity 136280K, committed 136568K, reserved 1167360K
  class space    used 16665K, capacity 18079K, committed 18124K, reserved 1048576K
}
Event: 520.061 GC heap before
{Heap before GC invocations=51 (full 0):
 garbage-first heap   total 196608K, used 168139K [0x0000000080000000, 0x0000000100000000)
  region size 1024K, 19 young (19456K), 2 survivors (2048K)
 Metaspace       used 133901K, capacity 137789K, committed 137976K, reserved 1169408K
  class space    used 16970K, capacity 18405K, committed 18508K, reserved 1048576K
}
Event: 520.069 GC heap after
{Heap after GC invocations=52 (full 0):
 garbage-first heap   total 196608K, used 152154K [0x0000000080000000, 0x0000000100000000)
  region size 1024K, 3 young (3072K), 3 survivors (3072K)
 Metaspace       used 133901K, capacity 137789K, committed 137976K, reserved 1169408K
  class space    used 16970K, capacity 18405K, committed 18508K, reserved 1048576K
}

