# JRE version: OpenJDK Runtime Environment (11.0.10) (build 11.0.10+0-b96-7249189)
# Java VM: OpenJDK 64-Bit Server VM (11.0.10+0-b96-7249189, mixed mode, tiered, compressed oops, g1 gc, windows-amd64)
Heap:
 garbage-first heap   total 431104K, used 189304K [0x0000000080000000, 0x0000000100000000)
  region size 1024K, 52 young (53248K), 3 survivors (3072K)
 Metaspace       used 111730K, capacity 114600K, committed 115404K, reserved 1148928K
  class space    used 14125K, capacity 15204K, committed 15564K, reserved 1048576K
GC Heap History (20 events):
Event: 116.093 GC heap before
{Heap before GC invocations=28 (full 0):
 garbage-first heap   total 236544K, used 194301K [0x0000000080000000, 0x0000000100000000)
  region size 1024K, 76 young (77824K), 6 survivors (6144K)
 Metaspace       used 111638K, capacity 114690K, committed 114764K, reserved 1148928K
  class space    used 14224K, capacity 15408K, committed 15436K, reserved 1048576K
}
Event: 116.103 GC heap after
{Heap after GC invocations=29 (full 0):
 garbage-first heap   total 236544K, used 123931K [0x0000000080000000, 0x0000000100000000)
  region size 1024K, 2 young (2048K), 2 survivors (2048K)
 Metaspace       used 111638K, capacity 114690K, committed 114764K, reserved 1148928K
  class space    used 14224K, capacity 15408K, committed 15436K, reserved 1048576K
}
Event: 116.131 GC heap before
{Heap before GC invocations=29 (full 0):
 garbage-first heap   total 236544K, used 195611K [0x0000000080000000, 0x0000000100000000)
  region size 1024K, 73 young (74752K), 2 survivors (2048K)
 Metaspace       used 111644K, capacity 114690K, committed 114764K, reserved 1148928K
  class space    used 14224K, capacity 15408K, committed 15436K, reserved 1048576K
}
Event: 116.139 GC heap after
{Heap after GC invocations=30 (full 0):
 garbage-first heap   total 236544K, used 123926K [0x0000000080000000, 0x0000000100000000)
  region size 1024K, 2 young (2048K), 2 survivors (2048K)
 Metaspace       used 111644K, capacity 114690K, committed 114764K, reserved 1148928K
  class space    used 14224K, capacity 15408K, committed 15436K, reserved 1048576K
}
Event: 116.161 GC heap before
{Heap before GC invocations=30 (full 0):
 garbage-first heap   total 236544K, used 197654K [0x0000000080000000, 0x0000000100000000)
  region size 1024K, 75 young (76800K), 2 survivors (2048K)
 Metaspace       used 111644K, capacity 114690K, committed 114764K, reserved 1148928K
  class space    used 14224K, capacity 15408K, committed 15436K, reserved 1048576K
}
Event: 116.169 GC heap after
{Heap after GC invocations=31 (full 0):
 garbage-first heap   total 236544K, used 124165K [0x0000000080000000, 0x0000000100000000)
  region size 1024K, 2 young (2048K), 2 survivors (2048K)
 Metaspace       used 111644K, capacity 114690K, committed 114764K, reserved 1148928K
  class space    used 14224K, capacity 15408K, committed 15436K, reserved 1048576K
}
Event: 116.189 GC heap before
{Heap before GC invocations=31 (full 0):
 garbage-first heap   total 236544K, used 198917K [0x0000000080000000, 0x0000000100000000)
  region size 1024K, 76 young (77824K), 2 survivors (2048K)
 Metaspace       used 111644K, capacity 114690K, committed 114764K, reserved 1148928K
  class space    used 14224K, capacity 15408K, committed 15436K, reserved 1048576K
}
Event: 116.198 GC heap after
{Heap after GC invocations=32 (full 0):
 garbage-first heap   total 236544K, used 124445K [0x0000000080000000, 0x0000000100000000)
  region size 1024K, 3 young (3072K), 3 survivors (3072K)
 Metaspace       used 111644K, capacity 114690K, committed 114764K, reserved 1148928K
  class space    used 14224K, capacity 15408K, committed 15436K, reserved 1048576K
}
Event: 116.218 GC heap before
{Heap before GC invocations=32 (full 0):
 garbage-first heap   total 236544K, used 199197K [0x0000000080000000, 0x0000000100000000)
  region size 1024K, 77 young (78848K), 3 survivors (3072K)
 Metaspace       used 111644K, capacity 114690K, committed 114764K, reserved 1148928K
  class space    used 14224K, capacity 15408K, committed 15436K, reserved 1048576K
}
Event: 116.226 GC heap after
{Heap after GC invocations=33 (full 0):
 garbage-first heap   total 236544K, used 124406K [0x0000000080000000, 0x0000000100000000)
  region size 1024K, 3 young (3072K), 3 survivors (3072K)
 Metaspace       used 111644K, capacity 114690K, committed 114764K, reserved 1148928K
  class space    used 14224K, capacity 15408K, committed 15436K, reserved 1048576K
}
Event: 116.711 GC heap before
{Heap before GC invocations=34 (full 0):
 garbage-first heap   total 236544K, used 198134K [0x0000000080000000, 0x0000000100000000)
  region size 1024K, 78 young (79872K), 3 survivors (3072K)
 Metaspace       used 111306K, capacity 114129K, committed 115020K, reserved 1148928K
  class space    used 14084K, capacity 15158K, committed 15436K, reserved 1048576K
}
Event: 116.726 GC heap after
{Heap after GC invocations=35 (full 0):
 garbage-first heap   total 236544K, used 124475K [0x0000000080000000, 0x0000000100000000)
  region size 1024K, 5 young (5120K), 5 survivors (5120K)
 Metaspace       used 111306K, capacity 114129K, committed 115020K, reserved 1148928K
  class space    used 14084K, capacity 15158K, committed 15436K, reserved 1048576K
}
Event: 116.775 GC heap before
{Heap before GC invocations=35 (full 0):
 garbage-first heap   total 236544K, used 130619K [0x0000000080000000, 0x0000000100000000)
  region size 1024K, 11 young (11264K), 5 survivors (5120K)
 Metaspace       used 111343K, capacity 114135K, committed 115020K, reserved 1148928K
  class space    used 14084K, capacity 15158K, committed 15436K, reserved 1048576K
}
Event: 116.788 GC heap after
{Heap after GC invocations=36 (full 0):
 garbage-first heap   total 236544K, used 124724K [0x0000000080000000, 0x0000000100000000)
  region size 1024K, 2 young (2048K), 2 survivors (2048K)
 Metaspace       used 111343K, capacity 114135K, committed 115020K, reserved 1148928K
  class space    used 14084K, capacity 15158K, committed 15436K, reserved 1048576K
}
Event: 117.358 GC heap before
{Heap before GC invocations=36 (full 0):
 garbage-first heap   total 236544K, used 200500K [0x0000000080000000, 0x0000000100000000)
  region size 1024K, 77 young (78848K), 2 survivors (2048K)
 Metaspace       used 111510K, capacity 114298K, committed 115020K, reserved 1148928K
  class space    used 14090K, capacity 15168K, committed 15436K, reserved 1048576K
}
Event: 117.372 GC heap after
{Heap after GC invocations=37 (full 0):
 garbage-first heap   total 236544K, used 129486K [0x0000000080000000, 0x0000000100000000)
  region size 1024K, 6 young (6144K), 6 survivors (6144K)
 Metaspace       used 111510K, capacity 114298K, committed 115020K, reserved 1148928K
  class space    used 14090K, capacity 15168K, committed 15436K, reserved 1048576K
}
Event: 118.201 GC heap before
{Heap before GC invocations=38 (full 0):
 garbage-first heap   total 236544K, used 199118K [0x0000000080000000, 0x0000000100000000)
  region size 1024K, 75 young (76800K), 6 survivors (6144K)
 Metaspace       used 111605K, capacity 114461K, committed 115404K, reserved 1148928K
  class space    used 14109K, capacity 15201K, committed 15564K, reserved 1048576K
}
Event: 118.235 GC heap after
{Heap after GC invocations=39 (full 0):
 garbage-first heap   total 431104K, used 138798K [0x0000000080000000, 0x0000000100000000)
  region size 1024K, 10 young (10240K), 10 survivors (10240K)
 Metaspace       used 111605K, capacity 114461K, committed 115404K, reserved 1148928K
  class space    used 14109K, capacity 15201K, committed 15564K, reserved 1048576K
}
Event: 118.387 GC heap before
{Heap before GC invocations=39 (full 0):
 garbage-first heap   total 431104K, used 150062K [0x0000000080000000, 0x0000000100000000)
  region size 1024K, 21 young (21504K), 10 survivors (10240K)
 Metaspace       used 111623K, capacity 114534K, committed 115404K, reserved 1148928K
  class space    used 14111K, capacity 15204K, committed 15564K, reserved 1048576K
}
Event: 118.410 GC heap after
{Heap after GC invocations=40 (full 0):
 garbage-first heap   total 431104K, used 140152K [0x0000000080000000, 0x0000000100000000)
  region size 1024K, 3 young (3072K), 3 survivors (3072K)
 Metaspace       used 111623K, capacity 114534K, committed 115404K, reserved 1148928K
  class space    used 14111K, capacity 15204K, committed 15564K, reserved 1048576K
}

