# JRE version: OpenJDK Runtime Environment (11.0.10) (build 11.0.10+0-b96-7249189)
# Java VM: OpenJDK 64-Bit Server VM (11.0.10+0-b96-7249189, mixed mode, tiered, compressed oops, g1 gc, windows-amd64)
Heap:
 garbage-first heap   total 284672K, used 163840K [0x0000000080000000, 0x0000000100000000)
  region size 1024K, 29 young (29696K), 4 survivors (4096K)
 Metaspace       used 105988K, capacity 108753K, committed 109008K, reserved 1144832K
  class space    used 13445K, capacity 14533K, committed 14668K, reserved 1048576K
GC Heap History (20 events):
Event: 26.365 GC heap before
{Heap before GC invocations=24 (full 0):
 garbage-first heap   total 284672K, used 193673K [0x0000000080000000, 0x0000000100000000)
  region size 1024K, 83 young (84992K), 10 survivors (10240K)
 Metaspace       used 105844K, capacity 108699K, committed 109008K, reserved 1144832K
  class space    used 13478K, capacity 14593K, committed 14668K, reserved 1048576K
}
Event: 26.389 GC heap after
{Heap after GC invocations=25 (full 0):
 garbage-first heap   total 284672K, used 124095K [0x0000000080000000, 0x0000000100000000)
  region size 1024K, 7 young (7168K), 7 survivors (7168K)
 Metaspace       used 105844K, capacity 108699K, committed 109008K, reserved 1144832K
  class space    used 13478K, capacity 14593K, committed 14668K, reserved 1048576K
}
Event: 26.559 GC heap before
{Heap before GC invocations=25 (full 0):
 garbage-first heap   total 284672K, used 199871K [0x0000000080000000, 0x0000000100000000)
  region size 1024K, 82 young (83968K), 7 survivors (7168K)
 Metaspace       used 105898K, capacity 108783K, committed 109008K, reserved 1144832K
  class space    used 13482K, capacity 14600K, committed 14668K, reserved 1048576K
}
Event: 26.574 GC heap after
{Heap after GC invocations=26 (full 0):
 garbage-first heap   total 284672K, used 128230K [0x0000000080000000, 0x0000000100000000)
  region size 1024K, 5 young (5120K), 5 survivors (5120K)
 Metaspace       used 105898K, capacity 108783K, committed 109008K, reserved 1144832K
  class space    used 13482K, capacity 14600K, committed 14668K, reserved 1048576K
}
Event: 26.589 GC heap before
{Heap before GC invocations=26 (full 0):
 garbage-first heap   total 284672K, used 206054K [0x0000000080000000, 0x0000000100000000)
  region size 1024K, 82 young (83968K), 5 survivors (5120K)
 Metaspace       used 105902K, capacity 108785K, committed 109008K, reserved 1144832K
  class space    used 13482K, capacity 14600K, committed 14668K, reserved 1048576K
}
Event: 26.600 GC heap after
{Heap after GC invocations=27 (full 0):
 garbage-first heap   total 284672K, used 128301K [0x0000000080000000, 0x0000000100000000)
  region size 1024K, 5 young (5120K), 5 survivors (5120K)
 Metaspace       used 105902K, capacity 108785K, committed 109008K, reserved 1144832K
  class space    used 13482K, capacity 14600K, committed 14668K, reserved 1048576K
}
Event: 26.620 GC heap before
{Heap before GC invocations=27 (full 0):
 garbage-first heap   total 284672K, used 211245K [0x0000000080000000, 0x0000000100000000)
  region size 1024K, 87 young (89088K), 5 survivors (5120K)
 Metaspace       used 105902K, capacity 108785K, committed 109008K, reserved 1144832K
  class space    used 13482K, capacity 14600K, committed 14668K, reserved 1048576K
}
Event: 26.630 GC heap after
{Heap after GC invocations=28 (full 0):
 garbage-first heap   total 284672K, used 128480K [0x0000000080000000, 0x0000000100000000)
  region size 1024K, 5 young (5120K), 5 survivors (5120K)
 Metaspace       used 105902K, capacity 108785K, committed 109008K, reserved 1144832K
  class space    used 13482K, capacity 14600K, committed 14668K, reserved 1048576K
}
Event: 26.644 GC heap before
{Heap before GC invocations=28 (full 0):
 garbage-first heap   total 284672K, used 216544K [0x0000000080000000, 0x0000000100000000)
  region size 1024K, 92 young (94208K), 5 survivors (5120K)
 Metaspace       used 105902K, capacity 108785K, committed 109008K, reserved 1144832K
  class space    used 13482K, capacity 14600K, committed 14668K, reserved 1048576K
}
Event: 26.654 GC heap after
{Heap after GC invocations=29 (full 0):
 garbage-first heap   total 284672K, used 128459K [0x0000000080000000, 0x0000000100000000)
  region size 1024K, 5 young (5120K), 5 survivors (5120K)
 Metaspace       used 105902K, capacity 108785K, committed 109008K, reserved 1144832K
  class space    used 13482K, capacity 14600K, committed 14668K, reserved 1048576K
}
Event: 26.675 GC heap before
{Heap before GC invocations=29 (full 0):
 garbage-first heap   total 284672K, used 221643K [0x0000000080000000, 0x0000000100000000)
  region size 1024K, 97 young (99328K), 5 survivors (5120K)
 Metaspace       used 105904K, capacity 108786K, committed 109008K, reserved 1144832K
  class space    used 13482K, capacity 14600K, committed 14668K, reserved 1048576K
}
Event: 26.685 GC heap after
{Heap after GC invocations=30 (full 0):
 garbage-first heap   total 284672K, used 129069K [0x0000000080000000, 0x0000000100000000)
  region size 1024K, 6 young (6144K), 6 survivors (6144K)
 Metaspace       used 105904K, capacity 108786K, committed 109008K, reserved 1144832K
  class space    used 13482K, capacity 14600K, committed 14668K, reserved 1048576K
}
Event: 26.699 GC heap before
{Heap before GC invocations=30 (full 0):
 garbage-first heap   total 284672K, used 225325K [0x0000000080000000, 0x0000000100000000)
  region size 1024K, 101 young (103424K), 6 survivors (6144K)
 Metaspace       used 105905K, capacity 108786K, committed 109008K, reserved 1144832K
  class space    used 13482K, capacity 14600K, committed 14668K, reserved 1048576K
}
Event: 26.710 GC heap after
{Heap after GC invocations=31 (full 0):
 garbage-first heap   total 284672K, used 129114K [0x0000000080000000, 0x0000000100000000)
  region size 1024K, 6 young (6144K), 6 survivors (6144K)
 Metaspace       used 105905K, capacity 108786K, committed 109008K, reserved 1144832K
  class space    used 13482K, capacity 14600K, committed 14668K, reserved 1048576K
}
Event: 27.135 GC heap before
{Heap before GC invocations=31 (full 0):
 garbage-first heap   total 284672K, used 228442K [0x0000000080000000, 0x0000000100000000)
  region size 1024K, 104 young (106496K), 6 survivors (6144K)
 Metaspace       used 105984K, capacity 108857K, committed 109008K, reserved 1144832K
  class space    used 13482K, capacity 14600K, committed 14668K, reserved 1048576K
}
Event: 27.153 GC heap after
{Heap after GC invocations=32 (full 0):
 garbage-first heap   total 284672K, used 131407K [0x0000000080000000, 0x0000000100000000)
  region size 1024K, 8 young (8192K), 8 survivors (8192K)
 Metaspace       used 105984K, capacity 108857K, committed 109008K, reserved 1144832K
  class space    used 13482K, capacity 14600K, committed 14668K, reserved 1048576K
}
Event: 28.297 GC heap before
{Heap before GC invocations=32 (full 0):
 garbage-first heap   total 284672K, used 232783K [0x0000000080000000, 0x0000000100000000)
  region size 1024K, 107 young (109568K), 8 survivors (8192K)
 Metaspace       used 106037K, capacity 108865K, committed 109008K, reserved 1144832K
  class space    used 13483K, capacity 14601K, committed 14668K, reserved 1048576K
}
Event: 28.332 GC heap after
{Heap after GC invocations=33 (full 0):
 garbage-first heap   total 284672K, used 146655K [0x0000000080000000, 0x0000000100000000)
  region size 1024K, 14 young (14336K), 14 survivors (14336K)
 Metaspace       used 106037K, capacity 108865K, committed 109008K, reserved 1144832K
  class space    used 13483K, capacity 14601K, committed 14668K, reserved 1048576K
}
Event: 28.819 GC heap before
{Heap before GC invocations=33 (full 0):
 garbage-first heap   total 284672K, used 228575K [0x0000000080000000, 0x0000000100000000)
  region size 1024K, 94 young (96256K), 14 survivors (14336K)
 Metaspace       used 106091K, capacity 108935K, committed 109008K, reserved 1144832K
  class space    used 13484K, capacity 14603K, committed 14668K, reserved 1048576K
}
Event: 28.842 GC heap after
{Heap after GC invocations=34 (full 0):
 garbage-first heap   total 284672K, used 144384K [0x0000000080000000, 0x0000000100000000)
  region size 1024K, 4 young (4096K), 4 survivors (4096K)
 Metaspace       used 106091K, capacity 108935K, committed 109008K, reserved 1144832K
  class space    used 13484K, capacity 14603K, committed 14668K, reserved 1048576K
}

